#
# There is insufficient memory for the Java Runtime Environment to continue.
# Native memory allocation (mmap) failed to map 536870912 bytes for G1 virtual space
# Possible reasons:
#   The system is out of physical RAM or swap space
#   The process is running with CompressedOops enabled, and the Java Heap may be blocking the growth of the native heap
# Possible solutions:
#   Reduce memory load on the system
#   Increase physical memory or swap space
#   Check if swap backing store is full
#   Decrease Java heap size (-Xmx/-Xms)
#   Decrease number of Java threads
#   Decrease Java thread stack sizes (-Xss)
#   Set larger code cache with -XX:ReservedCodeCacheSize=
#   JVM is running with Zero Based Compressed Oops mode in which the Java heap is
#     placed in the first 32GB address space. The Java Heap base address is the
#     maximum limit for the native heap growth. Please use -XX:HeapBaseMinAddress
#     to set the Java Heap base and to place the Java Heap above 32GB virtual address.
# This output file may be truncated or incomplete.
#
#  Out of Memory Error (os_windows.cpp:3557), pid=30092, tid=29096
#
# JRE version:  (17.0.6+10) (build )
# Java VM: OpenJDK 64-Bit Server VM (17.0.6+10, mixed mode, emulated-client, sharing, tiered, compressed oops, compressed class ptrs, g1 gc, windows-amd64)
# No core dump will be written. Minidumps are not enabled by default on client versions of Windows
#

---------------  S U M M A R Y ------------

Command Line: --add-opens=java.base/java.util=ALL-UNNAMED -Dcom.sun.management.jmxremote -Dcom.sun.management.jmxremote.port=57348 -Dcom.sun.management.jmxremote.authenticate=false -Dcom.sun.management.jmxremote.ssl=false -Djava.rmi.server.hostname=localhost -Dspring.jmx.enabled=true -Dmanagement.endpoints.jmx.exposure.include=* -Dspring.application.admin.enabled=true -XX:TieredStopAtLevel=1 -Dspring.boot.project.name=store-api -Dfile.encoding=UTF-8 -XX:+ShowCodeDetailsInExceptionMessages com.todoteg.StoreApiApplication --spring.output.ansi.enabled=always

Host: Intel(R) Xeon(R) CPU E5-2650 v4 @ 2.20GHz, 24 cores, 31G,  Windows 11 , 64 bit Build 22621 (10.0.22621.5415)
Time: Mon Nov  3 19:09:30 2025 Hora est. Pacífico, Sudamérica elapsed time: 0.029519 seconds (0d 0h 0m 0s)

---------------  T H R E A D  ---------------

Current thread (0x000001f5fe919ea0):  JavaThread "Unknown thread" [_thread_in_vm, id=29096, stack(0x000000d98ee00000,0x000000d98ef00000)]

Stack: [0x000000d98ee00000,0x000000d98ef00000]
Native frames: (J=compiled Java code, j=interpreted, Vv=VM code, C=native code)
V  [jvm.dll+0x67741a]
V  [jvm.dll+0x834434]
V  [jvm.dll+0x835bde]
V  [jvm.dll+0x836243]
V  [jvm.dll+0x2457b5]
V  [jvm.dll+0x674329]
V  [jvm.dll+0x6689da]
V  [jvm.dll+0x30489b]
V  [jvm.dll+0x30bd96]
V  [jvm.dll+0x35b57e]
V  [jvm.dll+0x35b7af]
V  [jvm.dll+0x2db778]
V  [jvm.dll+0x2dc6e4]
V  [jvm.dll+0x806131]
V  [jvm.dll+0x369331]
V  [jvm.dll+0x7e56ac]
V  [jvm.dll+0x3eb35f]
V  [jvm.dll+0x3ecea1]
C  [jli.dll+0x5267]
C  [ucrtbase.dll+0x29333]
C  [KERNEL32.DLL+0x1259d]
C  [ntdll.dll+0x5af78]


---------------  P R O C E S S  ---------------

Threads class SMR info:
_java_thread_list=0x00007ffbc6f15fd8, length=0, elements={
}

Java Threads: ( => current thread )

Other Threads:
  0x000001f5fe987be0 GCTaskThread "GC Thread#0" [stack: 0x000000d98ef00000,0x000000d98f000000] [id=30828]
  0x000001f5fe9369e0 ConcurrentGCThread "G1 Main Marker" [stack: 0x000000d98f000000,0x000000d98f100000] [id=13120]
  0x000001f5fe999520 ConcurrentGCThread "G1 Conc#0" [stack: 0x000000d98f100000,0x000000d98f200000] [id=3080]

[error occurred during error reporting (printing all threads), id 0xc0000005, EXCEPTION_ACCESS_VIOLATION (0xc0000005) at pc=0x00007ffbc66ec1e7]

VM state: not at safepoint (not fully initialized)

VM Mutex/Monitor currently owned by a thread:  ([mutex/lock_event])
[0x000001f5fc607ec0] Heap_lock - owner thread: 0x000001f5fe919ea0

Heap address: 0x0000000602400000, size: 8156 MB, Compressed Oops mode: Zero based, Oop shift amount: 3

CDS archive(s) mapped at: [0x0000000000000000-0x0000000000000000-0x0000000000000000), size 0, SharedBaseAddress: 0x0000000800000000, ArchiveRelocationMode: 0.
Narrow klass base: 0x0000000000000000, Narrow klass shift: 0, Narrow klass range: 0x0

GC Precious Log:
<Empty>

Heap:
 garbage-first heap   total 0K, used 0K [0x0000000602400000, 0x0000000800000000)
  region size 4096K, 0 young (0K), 0 survivors (0K)

[error occurred during error reporting (printing heap information), id 0xc0000005, EXCEPTION_ACCESS_VIOLATION (0xc0000005) at pc=0x00007ffbc6ad06f9]

GC Heap History (0 events):
No events

Dll operation events (1 events):
Event: 0.017 Loaded shared library C:\Users\Todoteg Windroid\Downloads\sts-4.17.2.RELEASE\plugins\org.eclipse.justj.openjdk.hotspot.jre.full.win32.x86_64_17.0.6.v20230125-1136\jre\bin\java.dll

Deoptimization events (0 events):
No events

Classes unloaded (0 events):
No events

Classes redefined (0 events):
No events

Internal exceptions (0 events):
No events

VM Operations (0 events):
No events

Events (0 events):
No events


Dynamic libraries:
0x00007ff7124e0000 - 0x00007ff7124ee000 	C:\Users\Todoteg Windroid\Downloads\sts-4.17.2.RELEASE\plugins\org.eclipse.justj.openjdk.hotspot.jre.full.win32.x86_64_17.0.6.v20230125-1136\jre\bin\javaw.exe
0x00007ffc60150000 - 0x00007ffc60368000 	C:\WINDOWS\SYSTEM32\ntdll.dll
0x00007ffc5e7c0000 - 0x00007ffc5e884000 	C:\WINDOWS\System32\KERNEL32.DLL
0x00007ffc5d6c0000 - 0x00007ffc5da93000 	C:\WINDOWS\System32\KERNELBASE.dll
0x00007ffc5d5a0000 - 0x00007ffc5d6b1000 	C:\WINDOWS\System32\ucrtbase.dll
0x00007ffc46950000 - 0x00007ffc46969000 	C:\Users\Todoteg Windroid\Downloads\sts-4.17.2.RELEASE\plugins\org.eclipse.justj.openjdk.hotspot.jre.full.win32.x86_64_17.0.6.v20230125-1136\jre\bin\VCRUNTIME140.dll
0x00007ffc34b10000 - 0x00007ffc34b27000 	C:\Users\Todoteg Windroid\Downloads\sts-4.17.2.RELEASE\plugins\org.eclipse.justj.openjdk.hotspot.jre.full.win32.x86_64_17.0.6.v20230125-1136\jre\bin\jli.dll
0x00007ffc5dfc0000 - 0x00007ffc5e172000 	C:\WINDOWS\System32\USER32.dll
0x00007ffc5d2d0000 - 0x00007ffc5d2f6000 	C:\WINDOWS\System32\win32u.dll
0x00007ffc60020000 - 0x00007ffc60049000 	C:\WINDOWS\System32\GDI32.dll
0x00007ffc5d300000 - 0x00007ffc5d423000 	C:\WINDOWS\System32\gdi32full.dll
0x00007ffc5db60000 - 0x00007ffc5dbfa000 	C:\WINDOWS\System32\msvcp_win.dll
0x00007ffc45010000 - 0x00007ffc452ac000 	C:\WINDOWS\WinSxS\amd64_microsoft.windows.common-controls_6595b64144ccf1df_6.0.22621.6060_none_2712eda17382d24b\COMCTL32.dll
0x00007ffc5def0000 - 0x00007ffc5df97000 	C:\WINDOWS\System32\msvcrt.dll
0x00007ffc5f110000 - 0x00007ffc5f141000 	C:\WINDOWS\System32\IMM32.DLL
0x00007ffc467e0000 - 0x00007ffc467ec000 	C:\Users\Todoteg Windroid\Downloads\sts-4.17.2.RELEASE\plugins\org.eclipse.justj.openjdk.hotspot.jre.full.win32.x86_64_17.0.6.v20230125-1136\jre\bin\vcruntime140_1.dll
0x00007ffc40630000 - 0x00007ffc406c1000 	C:\Users\Todoteg Windroid\Downloads\sts-4.17.2.RELEASE\plugins\org.eclipse.justj.openjdk.hotspot.jre.full.win32.x86_64_17.0.6.v20230125-1136\jre\bin\msvcp140.dll
0x00007ffbc6400000 - 0x00007ffbc7047000 	C:\Users\Todoteg Windroid\Downloads\sts-4.17.2.RELEASE\plugins\org.eclipse.justj.openjdk.hotspot.jre.full.win32.x86_64_17.0.6.v20230125-1136\jre\bin\server\jvm.dll
0x00007ffc60050000 - 0x00007ffc60101000 	C:\WINDOWS\System32\ADVAPI32.dll
0x00007ffc5f2d0000 - 0x00007ffc5f378000 	C:\WINDOWS\System32\sechost.dll
0x00007ffc5ddc0000 - 0x00007ffc5dde8000 	C:\WINDOWS\System32\bcrypt.dll
0x00007ffc5ede0000 - 0x00007ffc5eef8000 	C:\WINDOWS\System32\RPCRT4.dll
0x00007ffc44bd0000 - 0x00007ffc44bd9000 	C:\WINDOWS\SYSTEM32\WSOCK32.dll
0x00007ffc54d60000 - 0x00007ffc54d6a000 	C:\WINDOWS\SYSTEM32\VERSION.dll
0x00007ffc5ed50000 - 0x00007ffc5edc1000 	C:\WINDOWS\System32\WS2_32.dll
0x00007ffc51110000 - 0x00007ffc51144000 	C:\WINDOWS\SYSTEM32\WINMM.dll
0x00007ffc5c2d0000 - 0x00007ffc5c2e8000 	C:\WINDOWS\SYSTEM32\kernel.appcore.dll
0x00007ffc3eae0000 - 0x00007ffc3eaea000 	C:\Users\Todoteg Windroid\Downloads\sts-4.17.2.RELEASE\plugins\org.eclipse.justj.openjdk.hotspot.jre.full.win32.x86_64_17.0.6.v20230125-1136\jre\bin\jimage.dll
0x00007ffc52bc0000 - 0x00007ffc52df3000 	C:\WINDOWS\SYSTEM32\DBGHELP.DLL
0x00007ffc5fc80000 - 0x00007ffc60012000 	C:\WINDOWS\System32\combase.dll
0x00007ffc5de10000 - 0x00007ffc5dee8000 	C:\WINDOWS\System32\OLEAUT32.dll
0x00007ffc50d90000 - 0x00007ffc50dc2000 	C:\WINDOWS\SYSTEM32\dbgcore.DLL
0x00007ffc5d250000 - 0x00007ffc5d2cb000 	C:\WINDOWS\System32\bcryptPrimitives.dll
0x00007ffc332b0000 - 0x00007ffc332d5000 	C:\Users\Todoteg Windroid\Downloads\sts-4.17.2.RELEASE\plugins\org.eclipse.justj.openjdk.hotspot.jre.full.win32.x86_64_17.0.6.v20230125-1136\jre\bin\java.dll

dbghelp: loaded successfully - version: 4.0.5 - missing functions: none
symbol engine: initialized successfully - sym options: 0x614 - pdb path: .;C:\Users\Todoteg Windroid\Downloads\sts-4.17.2.RELEASE\plugins\org.eclipse.justj.openjdk.hotspot.jre.full.win32.x86_64_17.0.6.v20230125-1136\jre\bin;C:\WINDOWS\SYSTEM32;C:\WINDOWS\WinSxS\amd64_microsoft.windows.common-controls_6595b64144ccf1df_6.0.22621.6060_none_2712eda17382d24b;C:\Users\Todoteg Windroid\Downloads\sts-4.17.2.RELEASE\plugins\org.eclipse.justj.openjdk.hotspot.jre.full.win32.x86_64_17.0.6.v20230125-1136\jre\bin\server

VM Arguments:
jvm_args: --add-opens=java.base/java.util=ALL-UNNAMED -Dcom.sun.management.jmxremote -Dcom.sun.management.jmxremote.port=57348 -Dcom.sun.management.jmxremote.authenticate=false -Dcom.sun.management.jmxremote.ssl=false -Djava.rmi.server.hostname=localhost -Dspring.jmx.enabled=true -Dmanagement.endpoints.jmx.exposure.include=* -Dspring.application.admin.enabled=true -XX:TieredStopAtLevel=1 -Dspring.boot.project.name=store-api -Dfile.encoding=UTF-8 -XX:+ShowCodeDetailsInExceptionMessages 
java_command: com.todoteg.StoreApiApplication --spring.output.ansi.enabled=always
java_class_path (initial): C:\Users\Todoteg Windroid\Desktop\Proyectos Practica\Ejemplos-Websocket\store-api\target\classes;C:\Users\Todoteg Windroid\.m2\repository\org\springframework\boot\spring-boot-starter-web\3.5.7\spring-boot-starter-web-3.5.7.jar;C:\Users\Todoteg Windroid\.m2\repository\org\springframework\boot\spring-boot-starter\3.5.7\spring-boot-starter-3.5.7.jar;C:\Users\Todoteg Windroid\.m2\repository\org\springframework\boot\spring-boot-starter-logging\3.5.7\spring-boot-starter-logging-3.5.7.jar;C:\Users\Todoteg Windroid\.m2\repository\ch\qos\logback\logback-classic\1.5.20\logback-classic-1.5.20.jar;C:\Users\Todoteg Windroid\.m2\repository\ch\qos\logback\logback-core\1.5.20\logback-core-1.5.20.jar;C:\Users\Todoteg Windroid\.m2\repository\org\apache\logging\log4j\log4j-to-slf4j\2.24.3\log4j-to-slf4j-2.24.3.jar;C:\Users\Todoteg Windroid\.m2\repository\org\apache\logging\log4j\log4j-api\2.24.3\log4j-api-2.24.3.jar;C:\Users\Todoteg Windroid\.m2\repository\org\slf4j\jul-to-slf4j\2.0.17\jul-to-slf4j-2.0.17.jar;C:\Users\Todoteg Windroid\.m2\repository\jakarta\annotation\jakarta.annotation-api\2.1.1\jakarta.annotation-api-2.1.1.jar;C:\Users\Todoteg Windroid\.m2\repository\org\yaml\snakeyaml\2.4\snakeyaml-2.4.jar;C:\Users\Todoteg Windroid\.m2\repository\org\springframework\boot\spring-boot-starter-json\3.5.7\spring-boot-starter-json-3.5.7.jar;C:\Users\Todoteg Windroid\.m2\repository\com\fasterxml\jackson\datatype\jackson-datatype-jdk8\2.19.2\jackson-datatype-jdk8-2.19.2.jar;C:\Users\Todoteg Windroid\.m2\repository\com\fasterxml\jackson\datatype\jackson-datatype-jsr310\2.19.2\jackson-datatype-jsr310-2.19.2.jar;C:\Users\Todoteg Windroid\.m2\repository\com\fasterxml\jackson\module\jackson-module-parameter-names\2.19.2\jackson-module-parameter-names-2.19.2.jar;C:\Users\Todoteg Windroid\.m2\repository\org\springframework\boot\spring-boot-starter-tomcat\3.5.7\spring-boot-starter-tomcat-3.5.7.jar;C:\Users\Todoteg Windroid\.m2\repository\org\apache\tomcat\embed\tomcat
Launcher Type: SUN_STANDARD

[Global flags]
     intx CICompilerCount                          = 12                                        {product} {ergonomic}
     uint ConcGCThreads                            = 5                                         {product} {ergonomic}
     uint G1ConcRefinementThreads                  = 18                                        {product} {ergonomic}
   size_t G1HeapRegionSize                         = 4194304                                   {product} {ergonomic}
    uintx GCDrainStackTargetSize                   = 64                                        {product} {ergonomic}
   size_t InitialHeapSize                          = 536870912                                 {product} {ergonomic}
     bool ManagementServer                         = true                                      {product} {command line}
   size_t MarkStackSize                            = 4194304                                   {product} {ergonomic}
   size_t MaxHeapSize                              = 8552185856                                {product} {ergonomic}
   size_t MinHeapDeltaBytes                        = 4194304                                   {product} {ergonomic}
   size_t MinHeapSize                              = 8388608                                   {product} {ergonomic}
    uintx NonProfiledCodeHeapSize                  = 0                                      {pd product} {ergonomic}
     bool ProfileInterpreter                       = false                                  {pd product} {command line}
    uintx ProfiledCodeHeapSize                     = 0                                      {pd product} {ergonomic}
     bool ShowCodeDetailsInExceptionMessages       = true                                   {manageable} {command line}
   size_t SoftMaxHeapSize                          = 8552185856                             {manageable} {ergonomic}
     intx TieredStopAtLevel                        = 1                                         {product} {command line}
     bool UseCompressedClassPointers               = true                           {product lp64_product} {ergonomic}
     bool UseCompressedOops                        = true                           {product lp64_product} {ergonomic}
     bool UseG1GC                                  = true                                      {product} {ergonomic}
     bool UseLargePagesIndividualAllocation        = false                                  {pd product} {ergonomic}

Logging:
Log output configuration:
 #0: stdout all=warning uptime,level,tags
 #1: stderr all=off uptime,level,tags

Environment Variables:
JAVA_TOOL_OPTIONS=--add-opens=java.base/java.util=ALL-UNNAMED
PATH=C:/Users/Todoteg Windroid/Downloads/sts-4.17.2.RELEASE//plugins/org.eclipse.justj.openjdk.hotspot.jre.full.win32.x86_64_17.0.6.v20230125-1136/jre/bin/server;C:/Users/Todoteg Windroid/Downloads/sts-4.17.2.RELEASE//plugins/org.eclipse.justj.openjdk.hotspot.jre.full.win32.x86_64_17.0.6.v20230125-1136/jre/bin;C:\Program Files\Common Files\Oracle\Java\javapath;C:\Python310\Scripts\;C:\Python310\;C:\Windows\System32;C:\Windows;C:\Windows\System32\wbem;C:\Windows\System32\WindowsPowerShell\v1.0\;C:\Windows\System32\OpenSSH\;C:\ProgramData\chocolatey\bin;C:\Program Files\Git\cmd;C:\Program Files\PuTTY\;C:\Program Files (x86)\cloudflared;C:\WINDOWS\system32;C:\WINDOWS;C:\WINDOWS\System32\Wbem;C:\WINDOWS\System32\WindowsPowerShell\v1.0\;C:\WINDOWS\System32\OpenSSH\;C:\Program Files\dotnet\;C:\Program Files (x86)\Windows Kits\10\Windows Performance Toolkit\;C:\composer;C:\Program Files\php-8.3.12;C:\Users\Todoteg Windroid\Documents\php-8.3.13-nts-Win32-vs16-x64;C:\Program Files\nodejs\;C:\laragon\bin;C:\laragon\bin\apache\httpd-2.4.54-win64-VS16\bin;C:\laragon\bin\composer;C:\laragon\bin\git\bin;C:\laragon\bin\git\cmd;C:\laragon\bin\git\mingw64\bin;C:\laragon\bin\git\usr\bin;C:\laragon\bin\laragon\utils;C:\laragon\bin\mysql\mysql-8.0.30-winx64\bin;C:\laragon\bin\nginx\nginx-1.22.0;C:\laragon\bin\ngrok;C:\laragon\bin\nodejs\node-v18;C:\laragon\bin\notepad++;C:\laragon\bin\python\python-3.10;C:\laragon\bin\python\python-3.10\Scripts;C:\laragon\bin\redis\redis-x64-5.0.14.1;C:\laragon\bin\telnet;C:\laragon\usr\bin;C:\Users\Todoteg Windroid\AppData\Local\Yarn\config\global\node_modules\.bin;C:\Users\Todoteg Windroid\AppData\Roaming\Composer\vendor\bin;C:\Users\Todoteg Windroid\AppData\Local\Microsoft\WindowsApps;C:\Users\Todoteg Windroid\AppData\Local\Programs\Microsoft VS Code\bin;C:\Program Files\MongoDB\Server\4.4\bin;C:\Program Files\JetBrains\PhpStorm 2024.2.0.1\bin;C:\Users\Todoteg Windroid\AppData\Roaming\npm;C:\Users\Todoteg Windroid\Downloads\sts-4.17.2.RELEASE;
USERNAME=Todoteg Windroid
OS=Windows_NT
PROCESSOR_IDENTIFIER=Intel64 Family 6 Model 79 Stepping 1, GenuineIntel
TMP=C:\Users\TODOTE~1\AppData\Local\Temp
TEMP=C:\Users\TODOTE~1\AppData\Local\Temp



---------------  S Y S T E M  ---------------

OS:
 Windows 11 , 64 bit Build 22621 (10.0.22621.5415)
OS uptime: 0 days 10:16 hours
Hyper-V role detected

CPU: total 24 (initial active 24) (12 cores per cpu, 2 threads per core) family 6 model 79 stepping 1 microcode 0xb000038, cx8, cmov, fxsr, ht, mmx, 3dnowpref, sse, sse2, sse3, ssse3, sse4.1, sse4.2, popcnt, lzcnt, tsc, tscinvbit, avx, avx2, aes, erms, clmul, bmi1, bmi2, rtm, adx, fma, vzeroupper, clflush, hv

Memory: 4k page, system-wide physical 32608M (13776M free)
TotalPageFile size 34720M (AvailPageFile size 496M)
current process WorkingSet (physical memory assigned to process): 11M, peak: 11M
current process commit charge ("private bytes"): 76M, peak: 588M

vm_info: OpenJDK 64-Bit Server VM (17.0.6+10) for windows-amd64 JRE (17.0.6+10), built on Jan 18 2023 10:08:59 by "temurin" with MS VC++ 16.7 (VS2019)

END.
